# JRE version: OpenJDK Runtime Environment (17.0.6) (build 17.0.6+0-b2043.56-10027231)
# Java VM: OpenJDK 64-Bit Server VM (17.0.6+0-b2043.56-10027231, mixed mode, tiered, compressed oops, compressed class ptrs, g1 gc, windows-amd64)
GC Precious Log:
 CPUs: 2 total, 2 available
 Memory: 4085M
 Large Page Support: Disabled
 NUMA Support: Disabled
 Compressed Oops: Enabled (32-bit)
 Heap Region Size: 1M
 Heap Min Capacity: 8M
 Heap Initial Capacity: 64M
 Heap Max Capacity: 1536M
 Pre-touch: Disabled
 Parallel Workers: 2
 Concurrent Workers: 1
 Concurrent Refinement Workers: 2
 Periodic GC: Disabled
Heap:
 garbage-first heap   total 328704K, used 187328K [0x00000000a0000000, 0x0000000100000000)
  region size 1024K, 11 young (11264K), 7 survivors (7168K)
 Metaspace       used 103874K, committed 105152K, reserved 1146880K
  class space    used 14281K, committed 14848K, reserved 1048576K
GC Heap History (20 events):
Event: 164.727 GC heap before
{Heap before GC invocations=58 (full 0):
 garbage-first heap   total 203776K, used 165800K [0x00000000a0000000, 0x0000000100000000)
  region size 1024K, 27 young (27648K), 4 survivors (4096K)
 Metaspace       used 93363K, committed 94336K, reserved 1130496K
  class space    used 12846K, committed 13248K, reserved 1048576K
}
Event: 164.759 GC heap after
{Heap after GC invocations=59 (full 0):
 garbage-first heap   total 203776K, used 147816K [0x00000000a0000000, 0x0000000100000000)
  region size 1024K, 4 young (4096K), 4 survivors (4096K)
 Metaspace       used 93363K, committed 94336K, reserved 1130496K
  class space    used 12846K, committed 13248K, reserved 1048576K
}
Event: 167.947 GC heap before
{Heap before GC invocations=59 (full 0):
 garbage-first heap   total 203776K, used 168296K [0x00000000a0000000, 0x0000000100000000)
  region size 1024K, 24 young (24576K), 4 survivors (4096K)
 Metaspace       used 95973K, committed 97024K, reserved 1138688K
  class space    used 13270K, committed 13696K, reserved 1048576K
}
Event: 167.969 GC heap after
{Heap after GC invocations=60 (full 0):
 garbage-first heap   total 203776K, used 149335K [0x00000000a0000000, 0x0000000100000000)
  region size 1024K, 2 young (2048K), 2 survivors (2048K)
 Metaspace       used 95973K, committed 97024K, reserved 1138688K
  class space    used 13270K, committed 13696K, reserved 1048576K
}
Event: 169.964 GC heap before
{Heap before GC invocations=60 (full 0):
 garbage-first heap   total 203776K, used 169815K [0x00000000a0000000, 0x0000000100000000)
  region size 1024K, 22 young (22528K), 2 survivors (2048K)
 Metaspace       used 98663K, committed 99648K, reserved 1138688K
  class space    used 13599K, committed 14016K, reserved 1048576K
}
Event: 169.974 GC heap after
{Heap after GC invocations=61 (full 0):
 garbage-first heap   total 203776K, used 150700K [0x00000000a0000000, 0x0000000100000000)
  region size 1024K, 3 young (3072K), 3 survivors (3072K)
 Metaspace       used 98663K, committed 99648K, reserved 1138688K
  class space    used 13599K, committed 14016K, reserved 1048576K
}
Event: 171.136 GC heap before
{Heap before GC invocations=61 (full 0):
 garbage-first heap   total 203776K, used 172204K [0x00000000a0000000, 0x0000000100000000)
  region size 1024K, 24 young (24576K), 3 survivors (3072K)
 Metaspace       used 99944K, committed 100928K, reserved 1138688K
  class space    used 13777K, committed 14208K, reserved 1048576K
}
Event: 171.154 GC heap after
{Heap after GC invocations=62 (full 0):
 garbage-first heap   total 203776K, used 152539K [0x00000000a0000000, 0x0000000100000000)
  region size 1024K, 3 young (3072K), 3 survivors (3072K)
 Metaspace       used 99944K, committed 100928K, reserved 1138688K
  class space    used 13777K, committed 14208K, reserved 1048576K
}
Event: 173.439 GC heap before
{Heap before GC invocations=62 (full 0):
 garbage-first heap   total 203776K, used 174043K [0x00000000a0000000, 0x0000000100000000)
  region size 1024K, 24 young (24576K), 3 survivors (3072K)
 Metaspace       used 100382K, committed 101440K, reserved 1138688K
  class space    used 13806K, committed 14272K, reserved 1048576K
}
Event: 173.488 GC heap after
{Heap after GC invocations=63 (full 0):
 garbage-first heap   total 203776K, used 159848K [0x00000000a0000000, 0x0000000100000000)
  region size 1024K, 3 young (3072K), 3 survivors (3072K)
 Metaspace       used 100382K, committed 101440K, reserved 1138688K
  class space    used 13806K, committed 14272K, reserved 1048576K
}
Event: 174.324 GC heap before
{Heap before GC invocations=63 (full 0):
 garbage-first heap   total 203776K, used 173160K [0x00000000a0000000, 0x0000000100000000)
  region size 1024K, 16 young (16384K), 3 survivors (3072K)
 Metaspace       used 100491K, committed 101568K, reserved 1138688K
  class space    used 13819K, committed 14272K, reserved 1048576K
}
Event: 174.373 GC heap after
{Heap after GC invocations=64 (full 0):
 garbage-first heap   total 203776K, used 164315K [0x00000000a0000000, 0x0000000100000000)
  region size 1024K, 2 young (2048K), 2 survivors (2048K)
 Metaspace       used 100491K, committed 101568K, reserved 1138688K
  class space    used 13819K, committed 14272K, reserved 1048576K
}
Event: 175.964 GC heap before
{Heap before GC invocations=65 (full 0):
 garbage-first heap   total 276480K, used 174555K [0x00000000a0000000, 0x0000000100000000)
  region size 1024K, 12 young (12288K), 2 survivors (2048K)
 Metaspace       used 100597K, committed 101696K, reserved 1138688K
  class space    used 13830K, committed 14272K, reserved 1048576K
}
Event: 175.989 GC heap after
{Heap after GC invocations=66 (full 0):
 garbage-first heap   total 276480K, used 167899K [0x00000000a0000000, 0x0000000100000000)
  region size 1024K, 2 young (2048K), 2 survivors (2048K)
 Metaspace       used 100597K, committed 101696K, reserved 1138688K
  class space    used 13830K, committed 14272K, reserved 1048576K
}
Event: 176.848 GC heap before
{Heap before GC invocations=66 (full 0):
 garbage-first heap   total 276480K, used 179163K [0x00000000a0000000, 0x0000000100000000)
  region size 1024K, 13 young (13312K), 2 survivors (2048K)
 Metaspace       used 100754K, committed 101824K, reserved 1138688K
  class space    used 13845K, committed 14272K, reserved 1048576K
}
Event: 176.906 GC heap after
{Heap after GC invocations=67 (full 0):
 garbage-first heap   total 276480K, used 169305K [0x00000000a0000000, 0x0000000100000000)
  region size 1024K, 2 young (2048K), 2 survivors (2048K)
 Metaspace       used 100754K, committed 101824K, reserved 1138688K
  class space    used 13845K, committed 14272K, reserved 1048576K
}
Event: 181.466 GC heap before
{Heap before GC invocations=67 (full 0):
 garbage-first heap   total 276480K, used 215385K [0x00000000a0000000, 0x0000000100000000)
  region size 1024K, 47 young (48128K), 2 survivors (2048K)
 Metaspace       used 101868K, committed 102976K, reserved 1138688K
  class space    used 14000K, committed 14464K, reserved 1048576K
}
Event: 181.599 GC heap after
{Heap after GC invocations=68 (full 0):
 garbage-first heap   total 328704K, used 176871K [0x00000000a0000000, 0x0000000100000000)
  region size 1024K, 6 young (6144K), 6 survivors (6144K)
 Metaspace       used 101868K, committed 102976K, reserved 1138688K
  class space    used 14000K, committed 14464K, reserved 1048576K
}
Event: 310.356 GC heap before
{Heap before GC invocations=68 (full 0):
 garbage-first heap   total 328704K, used 252647K [0x00000000a0000000, 0x0000000100000000)
  region size 1024K, 77 young (78848K), 6 survivors (6144K)
 Metaspace       used 103830K, committed 105088K, reserved 1146880K
  class space    used 14278K, committed 14848K, reserved 1048576K
}
Event: 310.662 GC heap after
{Heap after GC invocations=69 (full 0):
 garbage-first heap   total 328704K, used 184256K [0x00000000a0000000, 0x0000000100000000)
  region size 1024K, 7 young (7168K), 7 survivors (7168K)
 Metaspace       used 103830K, committed 105088K, reserved 1146880K
  class space    used 14278K, committed 14848K, reserved 1048576K
}

