# JRE version: OpenJDK Runtime Environment (17.0.6) (build 17.0.6+0-b2043.56-10027231)
# Java VM: OpenJDK 64-Bit Server VM (17.0.6+0-b2043.56-10027231, mixed mode, tiered, compressed oops, compressed class ptrs, g1 gc, windows-amd64)
GC Precious Log:
 CPUs: 2 total, 2 available
 Memory: 4085M
 Large Page Support: Disabled
 NUMA Support: Disabled
 Compressed Oops: Enabled (32-bit)
 Heap Region Size: 1M
 Heap Min Capacity: 8M
 Heap Initial Capacity: 64M
 Heap Max Capacity: 1536M
 Pre-touch: Disabled
 Parallel Workers: 2
 Concurrent Workers: 1
 Concurrent Refinement Workers: 2
 Periodic GC: Disabled
Heap:
 garbage-first heap   total 114688K, used 95126K [0x00000000a0000000, 0x0000000100000000)
  region size 1024K, 1 young (1024K), 1 survivors (1024K)
 Metaspace       used 90037K, committed 90752K, reserved 1130496K
  class space    used 12380K, committed 12672K, reserved 1048576K
GC Heap History (20 events):
Event: 125.539 GC heap after
{Heap after GC invocations=61 (full 0):
 garbage-first heap   total 114688K, used 75704K [0x00000000a0000000, 0x0000000100000000)
  region size 1024K, 2 young (2048K), 2 survivors (2048K)
 Metaspace       used 82068K, committed 82752K, reserved 1122304K
  class space    used 11067K, committed 11328K, reserved 1048576K
}
Event: 126.891 GC heap before
{Heap before GC invocations=61 (full 0):
 garbage-first heap   total 114688K, used 95160K [0x00000000a0000000, 0x0000000100000000)
  region size 1024K, 21 young (21504K), 2 survivors (2048K)
 Metaspace       used 84034K, committed 84736K, reserved 1122304K
  class space    used 11436K, committed 11712K, reserved 1048576K
}
Event: 126.902 GC heap after
{Heap after GC invocations=62 (full 0):
 garbage-first heap   total 114688K, used 76882K [0x00000000a0000000, 0x0000000100000000)
  region size 1024K, 1 young (1024K), 1 survivors (1024K)
 Metaspace       used 84034K, committed 84736K, reserved 1122304K
  class space    used 11436K, committed 11712K, reserved 1048576K
}
Event: 128.423 GC heap before
{Heap before GC invocations=62 (full 0):
 garbage-first heap   total 114688K, used 96338K [0x00000000a0000000, 0x0000000100000000)
  region size 1024K, 20 young (20480K), 1 survivors (1024K)
 Metaspace       used 86051K, committed 86720K, reserved 1130496K
  class space    used 11799K, committed 12096K, reserved 1048576K
}
Event: 128.434 GC heap after
{Heap after GC invocations=63 (full 0):
 garbage-first heap   total 114688K, used 78563K [0x00000000a0000000, 0x0000000100000000)
  region size 1024K, 3 young (3072K), 3 survivors (3072K)
 Metaspace       used 86051K, committed 86720K, reserved 1130496K
  class space    used 11799K, committed 12096K, reserved 1048576K
}
Event: 130.138 GC heap before
{Heap before GC invocations=63 (full 0):
 garbage-first heap   total 114688K, used 95971K [0x00000000a0000000, 0x0000000100000000)
  region size 1024K, 20 young (20480K), 3 survivors (3072K)
 Metaspace       used 87253K, committed 88000K, reserved 1130496K
  class space    used 11960K, committed 12288K, reserved 1048576K
}
Event: 130.151 GC heap after
{Heap after GC invocations=64 (full 0):
 garbage-first heap   total 114688K, used 79908K [0x00000000a0000000, 0x0000000100000000)
  region size 1024K, 3 young (3072K), 3 survivors (3072K)
 Metaspace       used 87253K, committed 88000K, reserved 1130496K
  class space    used 11960K, committed 12288K, reserved 1048576K
}
Event: 131.347 GC heap before
{Heap before GC invocations=64 (full 0):
 garbage-first heap   total 114688K, used 96292K [0x00000000a0000000, 0x0000000100000000)
  region size 1024K, 19 young (19456K), 3 survivors (3072K)
 Metaspace       used 87544K, committed 88192K, reserved 1130496K
  class space    used 12010K, committed 12288K, reserved 1048576K
}
Event: 131.364 GC heap after
{Heap after GC invocations=65 (full 0):
 garbage-first heap   total 114688K, used 82156K [0x00000000a0000000, 0x0000000100000000)
  region size 1024K, 3 young (3072K), 3 survivors (3072K)
 Metaspace       used 87544K, committed 88192K, reserved 1130496K
  class space    used 12010K, committed 12288K, reserved 1048576K
}
Event: 132.332 GC heap before
{Heap before GC invocations=65 (full 0):
 garbage-first heap   total 114688K, used 96492K [0x00000000a0000000, 0x0000000100000000)
  region size 1024K, 17 young (17408K), 3 survivors (3072K)
 Metaspace       used 87911K, committed 88576K, reserved 1130496K
  class space    used 12075K, committed 12352K, reserved 1048576K
}
Event: 132.347 GC heap after
{Heap after GC invocations=66 (full 0):
 garbage-first heap   total 114688K, used 84461K [0x00000000a0000000, 0x0000000100000000)
  region size 1024K, 2 young (2048K), 2 survivors (2048K)
 Metaspace       used 87911K, committed 88576K, reserved 1130496K
  class space    used 12075K, committed 12352K, reserved 1048576K
}
Event: 134.627 GC heap before
{Heap before GC invocations=66 (full 0):
 garbage-first heap   total 114688K, used 96749K [0x00000000a0000000, 0x0000000100000000)
  region size 1024K, 14 young (14336K), 2 survivors (2048K)
 Metaspace       used 88754K, committed 89536K, reserved 1130496K
  class space    used 12202K, committed 12544K, reserved 1048576K
}
Event: 134.640 GC heap after
{Heap after GC invocations=67 (full 0):
 garbage-first heap   total 114688K, used 86174K [0x00000000a0000000, 0x0000000100000000)
  region size 1024K, 2 young (2048K), 2 survivors (2048K)
 Metaspace       used 88754K, committed 89536K, reserved 1130496K
  class space    used 12202K, committed 12544K, reserved 1048576K
}
Event: 135.425 GC heap before
{Heap before GC invocations=67 (full 0):
 garbage-first heap   total 114688K, used 96414K [0x00000000a0000000, 0x0000000100000000)
  region size 1024K, 13 young (13312K), 2 survivors (2048K)
 Metaspace       used 89026K, committed 89792K, reserved 1130496K
  class space    used 12205K, committed 12544K, reserved 1048576K
}
Event: 135.436 GC heap after
{Heap after GC invocations=68 (full 0):
 garbage-first heap   total 114688K, used 87380K [0x00000000a0000000, 0x0000000100000000)
  region size 1024K, 2 young (2048K), 2 survivors (2048K)
 Metaspace       used 89026K, committed 89792K, reserved 1130496K
  class space    used 12205K, committed 12544K, reserved 1048576K
}
Event: 136.542 GC heap before
{Heap before GC invocations=68 (full 0):
 garbage-first heap   total 114688K, used 99668K [0x00000000a0000000, 0x0000000100000000)
  region size 1024K, 12 young (12288K), 2 survivors (2048K)
 Metaspace       used 89357K, committed 90112K, reserved 1130496K
  class space    used 12245K, committed 12544K, reserved 1048576K
}
Event: 136.551 GC heap after
{Heap after GC invocations=69 (full 0):
 garbage-first heap   total 114688K, used 92898K [0x00000000a0000000, 0x0000000100000000)
  region size 1024K, 2 young (2048K), 2 survivors (2048K)
 Metaspace       used 89357K, committed 90112K, reserved 1130496K
  class space    used 12245K, committed 12544K, reserved 1048576K
}
Event: 137.069 GC heap before
{Heap before GC invocations=69 (full 0):
 garbage-first heap   total 114688K, used 98018K [0x00000000a0000000, 0x0000000100000000)
  region size 1024K, 7 young (7168K), 2 survivors (2048K)
 Metaspace       used 89556K, committed 90368K, reserved 1130496K
  class space    used 12272K, committed 12608K, reserved 1048576K
}
Event: 137.082 GC heap after
{Heap after GC invocations=70 (full 0):
 garbage-first heap   total 114688K, used 94395K [0x00000000a0000000, 0x0000000100000000)
  region size 1024K, 1 young (1024K), 1 survivors (1024K)
 Metaspace       used 89556K, committed 90368K, reserved 1130496K
  class space    used 12272K, committed 12608K, reserved 1048576K
}
Event: 138.192 GC heap before
{Heap before GC invocations=70 (full 0):
 garbage-first heap   total 114688K, used 98491K [0x00000000a0000000, 0x0000000100000000)
  region size 1024K, 5 young (5120K), 1 survivors (1024K)
 Metaspace       used 90037K, committed 90752K, reserved 1130496K
  class space    used 12380K, committed 12672K, reserved 1048576K
}

